<?xml version="1.0" encoding="UTF-8"?>
<testsuite name="com.iot.technion.regrowth.ExampleUnitTest" tests="1" skipped="0" failures="0" errors="0" timestamp="2022-10-15T16:20:29" hostname="DESKTOP-M65KT00" time="0.002">
  <properties/>
  <testcase name="addition_isCorrect" classname="com.iot.technion.regrowth.ExampleUnitTest" time="0.002"/>
  <system-out><![CDATA[]]></system-out>
  <system-err><![CDATA[]]></system-err>
</testsuite>
